<?xml version="1.0" encoding="UTF-8"?>
<!-- Generated by org.testng.reporters.JUnitReportReporter -->
<testsuite hostname="DESKTOP-S0T1IE0" failures="0" tests="3" name="TestNG.sample1" time="0.017" errors="0" timestamp="2023-09-05T16:22:05 IST" skipped="0">
  <testcase classname="TestNG.sample1" name="tc2" time="0.005"/>
  <system-out>
    <![CDATA[==i am from tc2==]]>
  </system-out>
  <testcase classname="TestNG.sample1" name="tc1" time="0.004"/>
  <system-out>
    <![CDATA[==i am  from tc1==]]>
  </system-out>
  <testcase classname="TestNG.sample1" name="tc3" time="0.008"/>
  <system-out>
    <![CDATA[== i am from tc3==]]>
  </system-out>
</testsuite> <!-- TestNG.sample1 -->
