<?xml version="1.0" encoding="UTF-8"?>
<!-- Generated by org.testng.reporters.JUnitReportReporter -->
<testsuite hostname="DESKTOP-S0T1IE0" failures="0" tests="1" name="TestNG.annotations" time="0.037" errors="0" timestamp="2023-09-08T10:51:54 IST" skipped="0">
  <testcase classname="TestNG.annotations" name="t1" time="0.037"/>
  <system-out>
    <![CDATA[==boss i am main TestCase==]]>
  </system-out>
</testsuite> <!-- TestNG.annotations -->
