<?xml version="1.0" encoding="UTF-8"?>
<!-- Generated by org.testng.reporters.JUnitReportReporter -->
<testsuite hostname="DESKTOP-S0T1IE0" failures="0" tests="3" name="TestNG.sample3" time="0.037" errors="0" timestamp="2023-09-05T16:22:05 IST" skipped="0">
  <testcase classname="TestNG.sample3" name="tc9" time="0.004"/>
  <system-out>
    <![CDATA[== i am from tc9==]]>
  </system-out>
  <testcase classname="TestNG.sample3" name="tc7" time="0.023"/>
  <system-out>
    <![CDATA[==i am  from tc7==]]>
  </system-out>
  <testcase classname="TestNG.sample3" name="tc8" time="0.010"/>
  <system-out>
    <![CDATA[==i am from tc8==]]>
  </system-out>
</testsuite> <!-- TestNG.sample3 -->
