<?xml version="1.0" encoding="UTF-8"?>
<!-- Generated by org.testng.reporters.JUnitReportReporter -->
<testsuite hostname="DESKTOP-S0T1IE0" failures="0" tests="8" name="TestNG.withoutmainmethod" time="0.071" errors="0" timestamp="2023-09-05T14:08:11 IST" skipped="0">
  <testcase classname="TestNG.withoutmainmethod" name="manu2" time="0.007"/>
  <system-out>
    <![CDATA[second method]]>
  </system-out>
  <testcase classname="TestNG.withoutmainmethod" name="manu3" time="0.005"/>
  <system-out>
    <![CDATA[hello]]>
  </system-out>
  <testcase classname="TestNG.withoutmainmethod" name="manu3" time="0.004"/>
  <system-out>
    <![CDATA[hello]]>
  </system-out>
  <testcase classname="TestNG.withoutmainmethod" name="manu3" time="0.009"/>
  <system-out>
    <![CDATA[hello]]>
  </system-out>
  <testcase classname="TestNG.withoutmainmethod" name="manu" time="0.022"/>
  <system-out>
    <![CDATA[without mainmethod we can run the programe ]]>
  </system-out>
  <testcase classname="TestNG.withoutmainmethod" name="manu3" time="0.009"/>
  <system-out>
    <![CDATA[hello]]>
  </system-out>
  <testcase classname="TestNG.withoutmainmethod" name="manu3" time="0.011"/>
  <system-out>
    <![CDATA[hello]]>
  </system-out>
  <testcase classname="TestNG.withoutmainmethod" name="m2" time="0.004"/>
  <system-out>
    <![CDATA[jai balayya]]>
  </system-out>
</testsuite> <!-- TestNG.withoutmainmethod -->
