<?xml version="1.0" encoding="UTF-8"?>
<!-- Generated by org.testng.reporters.JUnitReportReporter -->
<testsuite hostname="DESKTOP-S0T1IE0" failures="0" tests="3" name="TestNG.sample2" time="0.014" errors="0" timestamp="2023-09-05T16:22:05 IST" skipped="0">
  <testcase classname="TestNG.sample2" name="tc6" time="0.003"/>
  <system-out>
    <![CDATA[== i am from tc6==]]>
  </system-out>
  <testcase classname="TestNG.sample2" name="tc4" time="0.005"/>
  <system-out>
    <![CDATA[==i am  from tc4==]]>
  </system-out>
  <testcase classname="TestNG.sample2" name="tc5" time="0.006"/>
  <system-out>
    <![CDATA[==i am from tc5==]]>
  </system-out>
</testsuite> <!-- TestNG.sample2 -->
